{"C:\\Users\\david\\OneDrive\\Escritorio\\Intermedia_Software_Eng_Spring2024\\Demo3\\codecrusaders\\crusadermarket\\Backend\\server.js": {"path":"C:\\Users\\david\\OneDrive\\Escritorio\\Intermedia_Software_Eng_Spring2024\\Demo3\\codecrusaders\\crusadermarket\\Backend\\server.js","statementMap":{"0":{"start":{"line":3,"column":16},"end":{"line":3,"column":34}},"1":{"start":{"line":4,"column":17},"end":{"line":4,"column":36}},"2":{"start":{"line":5,"column":13},"end":{"line":5,"column":28}},"3":{"start":{"line":6,"column":19},"end":{"line":6,"column":49}},"4":{"start":{"line":7,"column":19},"end":{"line":7,"column":49}},"5":{"start":{"line":9,"column":12},"end":{"line":9,"column":21}},"6":{"start":{"line":10,"column":13},"end":{"line":10,"column":37}},"7":{"start":{"line":13,"column":0},"end":{"line":13,"column":24}},"8":{"start":{"line":14,"column":0},"end":{"line":14,"column":16}},"9":{"start":{"line":17,"column":0},"end":{"line":19,"column":36}},"10":{"start":{"line":18,"column":14},"end":{"line":18,"column":46}},"11":{"start":{"line":19,"column":16},"end":{"line":19,"column":34}},"12":{"start":{"line":22,"column":0},"end":{"line":22,"column":28}},"13":{"start":{"line":23,"column":0},"end":{"line":23,"column":33}},"14":{"start":{"line":24,"column":0},"end":{"line":24,"column":34}},"15":{"start":{"line":25,"column":0},"end":{"line":25,"column":47}},"16":{"start":{"line":29,"column":0},"end":{"line":33,"column":1}},"17":{"start":{"line":30,"column":2},"end":{"line":32,"column":5}},"18":{"start":{"line":31,"column":4},"end":{"line":31,"column":53}},"19":{"start":{"line":34,"column":0},"end":{"line":34,"column":21}}},"fnMap":{"0":{"name":"(anonymous_0)","decl":{"start":{"line":18,"column":8},"end":{"line":18,"column":9}},"loc":{"start":{"line":18,"column":14},"end":{"line":18,"column":46}},"line":18},"1":{"name":"(anonymous_1)","decl":{"start":{"line":19,"column":9},"end":{"line":19,"column":10}},"loc":{"start":{"line":19,"column":16},"end":{"line":19,"column":34}},"line":19},"2":{"name":"(anonymous_2)","decl":{"start":{"line":30,"column":19},"end":{"line":30,"column":20}},"loc":{"start":{"line":30,"column":25},"end":{"line":32,"column":3}},"line":30}},"branchMap":{"0":{"loc":{"start":{"line":10,"column":13},"end":{"line":10,"column":37}},"type":"binary-expr","locations":[{"start":{"line":10,"column":13},"end":{"line":10,"column":29}},{"start":{"line":10,"column":33},"end":{"line":10,"column":37}}],"line":10},"1":{"loc":{"start":{"line":29,"column":0},"end":{"line":33,"column":1}},"type":"if","locations":[{"start":{"line":29,"column":0},"end":{"line":33,"column":1}},{"start":{},"end":{}}],"line":29}},"s":{"0":6,"1":6,"2":6,"3":6,"4":6,"5":6,"6":6,"7":6,"8":6,"9":6,"10":6,"11":0,"12":6,"13":6,"14":6,"15":6,"16":6,"17":0,"18":0,"19":6},"f":{"0":6,"1":0,"2":0},"b":{"0":[6,6],"1":[0,6]},"_coverageSchema":"1a1c01bbd47fc00a2c39e90264f33305004495a9","hash":"d04ddb60d1d0e290ec556142124d2e87e7ef3ced"}
,"C:\\Users\\david\\OneDrive\\Escritorio\\Intermedia_Software_Eng_Spring2024\\Demo3\\codecrusaders\\crusadermarket\\Backend\\Middleware\\upload.js": {"path":"C:\\Users\\david\\OneDrive\\Escritorio\\Intermedia_Software_Eng_Spring2024\\Demo3\\codecrusaders\\crusadermarket\\Backend\\Middleware\\upload.js","statementMap":{"0":{"start":{"line":4,"column":15},"end":{"line":4,"column":32}},"1":{"start":{"line":5,"column":13},"end":{"line":5,"column":28}},"2":{"start":{"line":8,"column":16},"end":{"line":15,"column":2}},"3":{"start":{"line":10,"column":4},"end":{"line":10,"column":24}},"4":{"start":{"line":13,"column":4},"end":{"line":13,"column":81}},"5":{"start":{"line":19,"column":20},"end":{"line":19,"column":38}},"6":{"start":{"line":20,"column":18},"end":{"line":20,"column":79}},"7":{"start":{"line":21,"column":19},"end":{"line":21,"column":48}},"8":{"start":{"line":23,"column":2},"end":{"line":27,"column":3}},"9":{"start":{"line":24,"column":4},"end":{"line":24,"column":26}},"10":{"start":{"line":26,"column":4},"end":{"line":26,"column":42}},"11":{"start":{"line":31,"column":15},"end":{"line":35,"column":20}},"12":{"start":{"line":37,"column":0},"end":{"line":37,"column":24}}},"fnMap":{"0":{"name":"(anonymous_0)","decl":{"start":{"line":9,"column":15},"end":{"line":9,"column":16}},"loc":{"start":{"line":9,"column":39},"end":{"line":11,"column":3}},"line":9},"1":{"name":"(anonymous_1)","decl":{"start":{"line":12,"column":12},"end":{"line":12,"column":13}},"loc":{"start":{"line":12,"column":36},"end":{"line":14,"column":3}},"line":12},"2":{"name":"fileFilter","decl":{"start":{"line":18,"column":9},"end":{"line":18,"column":19}},"loc":{"start":{"line":18,"column":35},"end":{"line":28,"column":1}},"line":18}},"branchMap":{"0":{"loc":{"start":{"line":23,"column":2},"end":{"line":27,"column":3}},"type":"if","locations":[{"start":{"line":23,"column":2},"end":{"line":27,"column":3}},{"start":{"line":25,"column":9},"end":{"line":27,"column":3}}],"line":23},"1":{"loc":{"start":{"line":23,"column":5},"end":{"line":23,"column":24}},"type":"binary-expr","locations":[{"start":{"line":23,"column":5},"end":{"line":23,"column":13}},{"start":{"line":23,"column":17},"end":{"line":23,"column":24}}],"line":23}},"s":{"0":6,"1":6,"2":6,"3":1,"4":1,"5":1,"6":1,"7":1,"8":1,"9":1,"10":0,"11":6,"12":6},"f":{"0":1,"1":1,"2":1},"b":{"0":[1,0],"1":[1,1]},"_coverageSchema":"1a1c01bbd47fc00a2c39e90264f33305004495a9","hash":"169d44ecf9c0eddca5923797e401ea2d02b70fee"}
,"C:\\Users\\david\\OneDrive\\Escritorio\\Intermedia_Software_Eng_Spring2024\\Demo3\\codecrusaders\\crusadermarket\\Backend\\Middleware\\veryfyToken.js": {"path":"C:\\Users\\david\\OneDrive\\Escritorio\\Intermedia_Software_Eng_Spring2024\\Demo3\\codecrusaders\\crusadermarket\\Backend\\Middleware\\veryfyToken.js","statementMap":{"0":{"start":{"line":2,"column":12},"end":{"line":2,"column":35}},"1":{"start":{"line":3,"column":22},"end":{"line":3,"column":39}},"2":{"start":{"line":7,"column":16},"end":{"line":7,"column":56}},"3":{"start":{"line":8,"column":2},"end":{"line":8,"column":84}},"4":{"start":{"line":8,"column":14},"end":{"line":8,"column":84}},"5":{"start":{"line":10,"column":2},"end":{"line":15,"column":3}},"6":{"start":{"line":11,"column":22},"end":{"line":11,"column":55}},"7":{"start":{"line":12,"column":6},"end":{"line":12,"column":25}},"8":{"start":{"line":14,"column":6},"end":{"line":14,"column":51}},"9":{"start":{"line":17,"column":2},"end":{"line":17,"column":16}},"10":{"start":{"line":20,"column":0},"end":{"line":20,"column":29}}},"fnMap":{"0":{"name":"verifyToken","decl":{"start":{"line":6,"column":9},"end":{"line":6,"column":20}},"loc":{"start":{"line":6,"column":37},"end":{"line":18,"column":1}},"line":6}},"branchMap":{"0":{"loc":{"start":{"line":8,"column":2},"end":{"line":8,"column":84}},"type":"if","locations":[{"start":{"line":8,"column":2},"end":{"line":8,"column":84}},{"start":{},"end":{}}],"line":8}},"s":{"0":6,"1":6,"2":14,"3":14,"4":1,"5":13,"6":13,"7":12,"8":1,"9":12,"10":6},"f":{"0":14},"b":{"0":[1,13]},"_coverageSchema":"1a1c01bbd47fc00a2c39e90264f33305004495a9","hash":"ae472bc183f050ddf49d00d94cae8ac029c84113"}
,"C:\\Users\\david\\OneDrive\\Escritorio\\Intermedia_Software_Eng_Spring2024\\Demo3\\codecrusaders\\crusadermarket\\Backend\\Routes\\PostRoutes.js": {"path":"C:\\Users\\david\\OneDrive\\Escritorio\\Intermedia_Software_Eng_Spring2024\\Demo3\\codecrusaders\\crusadermarket\\Backend\\Routes\\PostRoutes.js","statementMap":{"0":{"start":{"line":3,"column":16},"end":{"line":3,"column":34}},"1":{"start":{"line":4,"column":15},"end":{"line":4,"column":31}},"2":{"start":{"line":5,"column":23},"end":{"line":5,"column":63}},"3":{"start":{"line":6,"column":15},"end":{"line":6,"column":46}},"4":{"start":{"line":7,"column":20},"end":{"line":7,"column":56}},"5":{"start":{"line":10,"column":0},"end":{"line":10,"column":65}},"6":{"start":{"line":13,"column":0},"end":{"line":13,"column":44}},"7":{"start":{"line":16,"column":0},"end":{"line":16,"column":70}},"8":{"start":{"line":19,"column":0},"end":{"line":19,"column":78}},"9":{"start":{"line":22,"column":0},"end":{"line":22,"column":78}},"10":{"start":{"line":25,"column":0},"end":{"line":25,"column":57}},"11":{"start":{"line":28,"column":0},"end":{"line":28,"column":24}}},"fnMap":{},"branchMap":{},"s":{"0":6,"1":6,"2":6,"3":6,"4":6,"5":6,"6":6,"7":6,"8":6,"9":6,"10":6,"11":6},"f":{},"b":{},"_coverageSchema":"1a1c01bbd47fc00a2c39e90264f33305004495a9","hash":"39f48c1a08ce549fb1d60efb0e39281c6d67cda3"}
,"C:\\Users\\david\\OneDrive\\Escritorio\\Intermedia_Software_Eng_Spring2024\\Demo3\\codecrusaders\\crusadermarket\\Backend\\Routes\\userRoutes.js": {"path":"C:\\Users\\david\\OneDrive\\Escritorio\\Intermedia_Software_Eng_Spring2024\\Demo3\\codecrusaders\\crusadermarket\\Backend\\Routes\\userRoutes.js","statementMap":{"0":{"start":{"line":3,"column":16},"end":{"line":3,"column":34}},"1":{"start":{"line":4,"column":15},"end":{"line":4,"column":31}},"2":{"start":{"line":5,"column":23},"end":{"line":5,"column":63}},"3":{"start":{"line":6,"column":20},"end":{"line":6,"column":56}},"4":{"start":{"line":11,"column":0},"end":{"line":11,"column":46}},"5":{"start":{"line":14,"column":0},"end":{"line":14,"column":44}},"6":{"start":{"line":19,"column":0},"end":{"line":19,"column":66}},"7":{"start":{"line":20,"column":0},"end":{"line":20,"column":68}},"8":{"start":{"line":21,"column":0},"end":{"line":21,"column":68}},"9":{"start":{"line":24,"column":0},"end":{"line":24,"column":69}},"10":{"start":{"line":25,"column":0},"end":{"line":25,"column":71}},"11":{"start":{"line":26,"column":0},"end":{"line":26,"column":71}},"12":{"start":{"line":29,"column":0},"end":{"line":29,"column":24}}},"fnMap":{},"branchMap":{},"s":{"0":6,"1":6,"2":6,"3":6,"4":6,"5":6,"6":6,"7":6,"8":6,"9":6,"10":6,"11":6,"12":6},"f":{},"b":{},"_coverageSchema":"1a1c01bbd47fc00a2c39e90264f33305004495a9","hash":"97289a3a66eb6611b27cb5ac2bcfbe1746c6f097"}
,"C:\\Users\\david\\OneDrive\\Escritorio\\Intermedia_Software_Eng_Spring2024\\Demo3\\codecrusaders\\crusadermarket\\Backend\\controllers\\PostController.js": {"path":"C:\\Users\\david\\OneDrive\\Escritorio\\Intermedia_Software_Eng_Spring2024\\Demo3\\codecrusaders\\crusadermarket\\Backend\\controllers\\PostController.js","statementMap":{"0":{"start":{"line":3,"column":13},"end":{"line":3,"column":43}},"1":{"start":{"line":6,"column":0},"end":{"line":44,"column":2}},"2":{"start":{"line":8,"column":17},"end":{"line":8,"column":33}},"3":{"start":{"line":10,"column":53},"end":{"line":10,"column":61}},"4":{"start":{"line":12,"column":19},"end":{"line":12,"column":21}},"5":{"start":{"line":13,"column":2},"end":{"line":15,"column":3}},"6":{"start":{"line":14,"column":4},"end":{"line":14,"column":50}},"7":{"start":{"line":14,"column":39},"end":{"line":14,"column":48}},"8":{"start":{"line":17,"column":2},"end":{"line":43,"column":3}},"9":{"start":{"line":19,"column":20},"end":{"line":28,"column":6}},"10":{"start":{"line":30,"column":4},"end":{"line":30,"column":25}},"11":{"start":{"line":33,"column":4},"end":{"line":36,"column":7}},"12":{"start":{"line":39,"column":4},"end":{"line":42,"column":7}},"13":{"start":{"line":47,"column":0},"end":{"line":54,"column":2}},"14":{"start":{"line":48,"column":4},"end":{"line":53,"column":5}},"15":{"start":{"line":49,"column":20},"end":{"line":49,"column":37}},"16":{"start":{"line":50,"column":6},"end":{"line":50,"column":34}},"17":{"start":{"line":52,"column":6},"end":{"line":52,"column":53}},"18":{"start":{"line":58,"column":0},"end":{"line":68,"column":2}},"19":{"start":{"line":59,"column":4},"end":{"line":67,"column":5}},"20":{"start":{"line":60,"column":26},"end":{"line":60,"column":73}},"21":{"start":{"line":61,"column":6},"end":{"line":63,"column":7}},"22":{"start":{"line":62,"column":8},"end":{"line":62,"column":67}},"23":{"start":{"line":64,"column":6},"end":{"line":64,"column":56}},"24":{"start":{"line":66,"column":6},"end":{"line":66,"column":53}},"25":{"start":{"line":71,"column":0},"end":{"line":84,"column":2}},"26":{"start":{"line":72,"column":19},"end":{"line":72,"column":34}},"27":{"start":{"line":73,"column":4},"end":{"line":83,"column":5}},"28":{"start":{"line":74,"column":26},"end":{"line":78,"column":14}},"29":{"start":{"line":80,"column":8},"end":{"line":80,"column":40}},"30":{"start":{"line":82,"column":8},"end":{"line":82,"column":57}},"31":{"start":{"line":87,"column":0},"end":{"line":104,"column":2}},"32":{"start":{"line":88,"column":17},"end":{"line":88,"column":32}},"33":{"start":{"line":89,"column":17},"end":{"line":89,"column":34}},"34":{"start":{"line":91,"column":2},"end":{"line":103,"column":3}},"35":{"start":{"line":92,"column":19},"end":{"line":96,"column":50}},"36":{"start":{"line":99,"column":6},"end":{"line":99,"column":81}},"37":{"start":{"line":101,"column":6},"end":{"line":101,"column":57}},"38":{"start":{"line":102,"column":6},"end":{"line":102,"column":70}},"39":{"start":{"line":107,"column":0},"end":{"line":119,"column":2}},"40":{"start":{"line":108,"column":17},"end":{"line":108,"column":32}},"41":{"start":{"line":110,"column":2},"end":{"line":118,"column":3}},"42":{"start":{"line":111,"column":20},"end":{"line":112,"column":47}},"43":{"start":{"line":114,"column":6},"end":{"line":114,"column":34}},"44":{"start":{"line":116,"column":6},"end":{"line":116,"column":65}},"45":{"start":{"line":117,"column":6},"end":{"line":117,"column":79}}},"fnMap":{"0":{"name":"(anonymous_0)","decl":{"start":{"line":6,"column":21},"end":{"line":6,"column":22}},"loc":{"start":{"line":6,"column":41},"end":{"line":44,"column":1}},"line":6},"1":{"name":"(anonymous_1)","decl":{"start":{"line":14,"column":31},"end":{"line":14,"column":32}},"loc":{"start":{"line":14,"column":39},"end":{"line":14,"column":48}},"line":14},"2":{"name":"(anonymous_2)","decl":{"start":{"line":47,"column":22},"end":{"line":47,"column":23}},"loc":{"start":{"line":47,"column":42},"end":{"line":54,"column":1}},"line":47},"3":{"name":"(anonymous_3)","decl":{"start":{"line":58,"column":25},"end":{"line":58,"column":26}},"loc":{"start":{"line":58,"column":45},"end":{"line":68,"column":1}},"line":58},"4":{"name":"(anonymous_4)","decl":{"start":{"line":71,"column":25},"end":{"line":71,"column":26}},"loc":{"start":{"line":71,"column":45},"end":{"line":84,"column":1}},"line":71},"5":{"name":"(anonymous_5)","decl":{"start":{"line":87,"column":26},"end":{"line":87,"column":27}},"loc":{"start":{"line":87,"column":46},"end":{"line":104,"column":1}},"line":87},"6":{"name":"(anonymous_6)","decl":{"start":{"line":107,"column":29},"end":{"line":107,"column":30}},"loc":{"start":{"line":107,"column":49},"end":{"line":119,"column":1}},"line":107}},"branchMap":{"0":{"loc":{"start":{"line":13,"column":2},"end":{"line":15,"column":3}},"type":"if","locations":[{"start":{"line":13,"column":2},"end":{"line":15,"column":3}},{"start":{},"end":{}}],"line":13},"1":{"loc":{"start":{"line":24,"column":15},"end":{"line":24,"column":59}},"type":"cond-expr","locations":[{"start":{"line":24,"column":40},"end":{"line":24,"column":47}},{"start":{"line":24,"column":50},"end":{"line":24,"column":59}}],"line":24},"2":{"loc":{"start":{"line":61,"column":6},"end":{"line":63,"column":7}},"type":"if","locations":[{"start":{"line":61,"column":6},"end":{"line":63,"column":7}},{"start":{},"end":{}}],"line":61}},"s":{"0":6,"1":6,"2":2,"3":2,"4":2,"5":2,"6":1,"7":1,"8":2,"9":2,"10":2,"11":1,"12":1,"13":6,"14":3,"15":3,"16":1,"17":2,"18":6,"19":3,"20":3,"21":2,"22":1,"23":1,"24":1,"25":6,"26":2,"27":2,"28":2,"29":1,"30":1,"31":6,"32":1,"33":1,"34":1,"35":1,"36":1,"37":0,"38":0,"39":6,"40":1,"41":1,"42":1,"43":1,"44":0,"45":0},"f":{"0":2,"1":1,"2":3,"3":3,"4":2,"5":1,"6":1},"b":{"0":[1,1],"1":[0,2],"2":[1,1]},"_coverageSchema":"1a1c01bbd47fc00a2c39e90264f33305004495a9","hash":"23889e7b049e74e376a6f55d943f702c806beab1"}
,"C:\\Users\\david\\OneDrive\\Escritorio\\Intermedia_Software_Eng_Spring2024\\Demo3\\codecrusaders\\crusadermarket\\Backend\\controllers\\userController.js": {"path":"C:\\Users\\david\\OneDrive\\Escritorio\\Intermedia_Software_Eng_Spring2024\\Demo3\\codecrusaders\\crusadermarket\\Backend\\controllers\\userController.js","statementMap":{"0":{"start":{"line":4,"column":13},"end":{"line":4,"column":38}},"1":{"start":{"line":5,"column":15},"end":{"line":5,"column":32}},"2":{"start":{"line":6,"column":12},"end":{"line":6,"column":35}},"3":{"start":{"line":7,"column":23},"end":{"line":7,"column":40}},"4":{"start":{"line":10,"column":0},"end":{"line":19,"column":2}},"5":{"start":{"line":11,"column":43},"end":{"line":11,"column":51}},"6":{"start":{"line":12,"column":2},"end":{"line":18,"column":3}},"7":{"start":{"line":13,"column":17},"end":{"line":13,"column":68}},"8":{"start":{"line":14,"column":4},"end":{"line":14,"column":56}},"9":{"start":{"line":16,"column":4},"end":{"line":16,"column":23}},"10":{"start":{"line":17,"column":4},"end":{"line":17,"column":72}},"11":{"start":{"line":22,"column":0},"end":{"line":42,"column":2}},"12":{"start":{"line":23,"column":30},"end":{"line":23,"column":38}},"13":{"start":{"line":24,"column":2},"end":{"line":41,"column":3}},"14":{"start":{"line":26,"column":17},"end":{"line":26,"column":46}},"15":{"start":{"line":27,"column":4},"end":{"line":29,"column":5}},"16":{"start":{"line":28,"column":6},"end":{"line":28,"column":79}},"17":{"start":{"line":31,"column":28},"end":{"line":31,"column":64}},"18":{"start":{"line":32,"column":4},"end":{"line":34,"column":5}},"19":{"start":{"line":33,"column":6},"end":{"line":33,"column":83}},"20":{"start":{"line":36,"column":18},"end":{"line":36,"column":85}},"21":{"start":{"line":37,"column":4},"end":{"line":37,"column":63}},"22":{"start":{"line":39,"column":4},"end":{"line":39,"column":23}},"23":{"start":{"line":40,"column":4},"end":{"line":40,"column":72}},"24":{"start":{"line":45,"column":0},"end":{"line":53,"column":2}},"25":{"start":{"line":46,"column":2},"end":{"line":52,"column":3}},"26":{"start":{"line":47,"column":19},"end":{"line":47,"column":70}},"27":{"start":{"line":48,"column":6},"end":{"line":48,"column":63}},"28":{"start":{"line":50,"column":6},"end":{"line":50,"column":25}},"29":{"start":{"line":51,"column":6},"end":{"line":51,"column":84}},"30":{"start":{"line":58,"column":0},"end":{"line":66,"column":2}},"31":{"start":{"line":59,"column":2},"end":{"line":65,"column":3}},"32":{"start":{"line":60,"column":19},"end":{"line":60,"column":71}},"33":{"start":{"line":61,"column":6},"end":{"line":61,"column":53}},"34":{"start":{"line":63,"column":6},"end":{"line":63,"column":27}},"35":{"start":{"line":64,"column":6},"end":{"line":64,"column":92}},"36":{"start":{"line":70,"column":0},"end":{"line":78,"column":2}},"37":{"start":{"line":71,"column":2},"end":{"line":77,"column":3}},"38":{"start":{"line":72,"column":19},"end":{"line":72,"column":71}},"39":{"start":{"line":73,"column":6},"end":{"line":73,"column":53}},"40":{"start":{"line":75,"column":6},"end":{"line":75,"column":27}},"41":{"start":{"line":76,"column":6},"end":{"line":76,"column":85}},"42":{"start":{"line":81,"column":0},"end":{"line":90,"column":2}},"43":{"start":{"line":82,"column":22},"end":{"line":82,"column":30}},"44":{"start":{"line":83,"column":2},"end":{"line":89,"column":3}},"45":{"start":{"line":84,"column":26},"end":{"line":84,"column":120}},"46":{"start":{"line":85,"column":6},"end":{"line":85,"column":70}},"47":{"start":{"line":87,"column":6},"end":{"line":87,"column":25}},"48":{"start":{"line":88,"column":6},"end":{"line":88,"column":82}},"49":{"start":{"line":93,"column":0},"end":{"line":102,"column":2}},"50":{"start":{"line":94,"column":23},"end":{"line":94,"column":31}},"51":{"start":{"line":95,"column":2},"end":{"line":101,"column":3}},"52":{"start":{"line":96,"column":26},"end":{"line":96,"column":124}},"53":{"start":{"line":97,"column":6},"end":{"line":97,"column":60}},"54":{"start":{"line":99,"column":6},"end":{"line":99,"column":27}},"55":{"start":{"line":100,"column":6},"end":{"line":100,"column":83}},"56":{"start":{"line":105,"column":0},"end":{"line":115,"column":2}},"57":{"start":{"line":106,"column":23},"end":{"line":106,"column":31}},"58":{"start":{"line":107,"column":2},"end":{"line":114,"column":3}},"59":{"start":{"line":108,"column":26},"end":{"line":108,"column":124}},"60":{"start":{"line":109,"column":6},"end":{"line":109,"column":60}},"61":{"start":{"line":112,"column":6},"end":{"line":112,"column":27}},"62":{"start":{"line":113,"column":6},"end":{"line":113,"column":90}}},"fnMap":{"0":{"name":"(anonymous_0)","decl":{"start":{"line":10,"column":17},"end":{"line":10,"column":18}},"loc":{"start":{"line":10,"column":37},"end":{"line":19,"column":1}},"line":10},"1":{"name":"(anonymous_1)","decl":{"start":{"line":22,"column":16},"end":{"line":22,"column":17}},"loc":{"start":{"line":22,"column":36},"end":{"line":42,"column":1}},"line":22},"2":{"name":"(anonymous_2)","decl":{"start":{"line":45,"column":22},"end":{"line":45,"column":23}},"loc":{"start":{"line":45,"column":42},"end":{"line":53,"column":1}},"line":45},"3":{"name":"(anonymous_3)","decl":{"start":{"line":58,"column":23},"end":{"line":58,"column":24}},"loc":{"start":{"line":58,"column":43},"end":{"line":66,"column":1}},"line":58},"4":{"name":"(anonymous_4)","decl":{"start":{"line":70,"column":23},"end":{"line":70,"column":24}},"loc":{"start":{"line":70,"column":43},"end":{"line":78,"column":1}},"line":70},"5":{"name":"(anonymous_5)","decl":{"start":{"line":81,"column":25},"end":{"line":81,"column":26}},"loc":{"start":{"line":81,"column":45},"end":{"line":90,"column":1}},"line":81},"6":{"name":"(anonymous_6)","decl":{"start":{"line":93,"column":26},"end":{"line":93,"column":27}},"loc":{"start":{"line":93,"column":46},"end":{"line":102,"column":1}},"line":93},"7":{"name":"(anonymous_7)","decl":{"start":{"line":105,"column":26},"end":{"line":105,"column":27}},"loc":{"start":{"line":105,"column":46},"end":{"line":115,"column":1}},"line":105}},"branchMap":{"0":{"loc":{"start":{"line":27,"column":4},"end":{"line":29,"column":5}},"type":"if","locations":[{"start":{"line":27,"column":4},"end":{"line":29,"column":5}},{"start":{},"end":{}}],"line":27},"1":{"loc":{"start":{"line":32,"column":4},"end":{"line":34,"column":5}},"type":"if","locations":[{"start":{"line":32,"column":4},"end":{"line":34,"column":5}},{"start":{},"end":{}}],"line":32}},"s":{"0":6,"1":6,"2":6,"3":6,"4":6,"5":2,"6":2,"7":2,"8":1,"9":1,"10":1,"11":6,"12":4,"13":4,"14":4,"15":4,"16":1,"17":3,"18":2,"19":1,"20":1,"21":1,"22":1,"23":1,"24":6,"25":1,"26":1,"27":1,"28":0,"29":0,"30":6,"31":1,"32":1,"33":1,"34":0,"35":0,"36":6,"37":1,"38":1,"39":1,"40":0,"41":0,"42":6,"43":1,"44":1,"45":1,"46":1,"47":0,"48":0,"49":6,"50":1,"51":1,"52":1,"53":1,"54":0,"55":0,"56":6,"57":1,"58":1,"59":1,"60":1,"61":0,"62":0},"f":{"0":2,"1":4,"2":1,"3":1,"4":1,"5":1,"6":1,"7":1},"b":{"0":[1,3],"1":[1,1]},"_coverageSchema":"1a1c01bbd47fc00a2c39e90264f33305004495a9","hash":"bc79d22f843b3d33677d39a597160c114c921a26"}
,"C:\\Users\\david\\OneDrive\\Escritorio\\Intermedia_Software_Eng_Spring2024\\Demo3\\codecrusaders\\crusadermarket\\Backend\\models\\PostModel.js": {"path":"C:\\Users\\david\\OneDrive\\Escritorio\\Intermedia_Software_Eng_Spring2024\\Demo3\\codecrusaders\\crusadermarket\\Backend\\models\\PostModel.js","statementMap":{"0":{"start":{"line":3,"column":17},"end":{"line":3,"column":36}},"1":{"start":{"line":7,"column":2},"end":{"line":7,"column":25}},"2":{"start":{"line":11,"column":19},"end":{"line":52,"column":2}},"3":{"start":{"line":55,"column":13},"end":{"line":55,"column":47}},"4":{"start":{"line":57,"column":0},"end":{"line":57,"column":22}}},"fnMap":{"0":{"name":"arrayLimit","decl":{"start":{"line":6,"column":9},"end":{"line":6,"column":19}},"loc":{"start":{"line":6,"column":25},"end":{"line":8,"column":1}},"line":6}},"branchMap":{},"s":{"0":2,"1":2,"2":2,"3":2,"4":2},"f":{"0":2},"b":{},"_coverageSchema":"1a1c01bbd47fc00a2c39e90264f33305004495a9","hash":"d452017bd14307c895cbd0d55102f776885eec98"}
,"C:\\Users\\david\\OneDrive\\Escritorio\\Intermedia_Software_Eng_Spring2024\\Demo3\\codecrusaders\\crusadermarket\\Backend\\models\\User.js": {"path":"C:\\Users\\david\\OneDrive\\Escritorio\\Intermedia_Software_Eng_Spring2024\\Demo3\\codecrusaders\\crusadermarket\\Backend\\models\\User.js","statementMap":{"0":{"start":{"line":4,"column":17},"end":{"line":4,"column":36}},"1":{"start":{"line":5,"column":15},"end":{"line":5,"column":32}},"2":{"start":{"line":8,"column":19},"end":{"line":13,"column":2}},"3":{"start":{"line":16,"column":0},"end":{"line":26,"column":3}},"4":{"start":{"line":17,"column":2},"end":{"line":25,"column":3}},"5":{"start":{"line":18,"column":4},"end":{"line":21,"column":5}},"6":{"start":{"line":19,"column":19},"end":{"line":19,"column":43}},"7":{"start":{"line":20,"column":6},"end":{"line":20,"column":61}},"8":{"start":{"line":22,"column":4},"end":{"line":22,"column":11}},"9":{"start":{"line":24,"column":4},"end":{"line":24,"column":16}},"10":{"start":{"line":29,"column":0},"end":{"line":35,"column":2}},"11":{"start":{"line":30,"column":2},"end":{"line":34,"column":3}},"12":{"start":{"line":31,"column":4},"end":{"line":31,"column":57}},"13":{"start":{"line":33,"column":4},"end":{"line":33,"column":25}},"14":{"start":{"line":38,"column":0},"end":{"line":38,"column":52}}},"fnMap":{"0":{"name":"(anonymous_0)","decl":{"start":{"line":16,"column":23},"end":{"line":16,"column":24}},"loc":{"start":{"line":16,"column":44},"end":{"line":26,"column":1}},"line":16},"1":{"name":"(anonymous_1)","decl":{"start":{"line":29,"column":37},"end":{"line":29,"column":38}},"loc":{"start":{"line":29,"column":62},"end":{"line":35,"column":1}},"line":29}},"branchMap":{"0":{"loc":{"start":{"line":18,"column":4},"end":{"line":21,"column":5}},"type":"if","locations":[{"start":{"line":18,"column":4},"end":{"line":21,"column":5}},{"start":{},"end":{}}],"line":18}},"s":{"0":6,"1":6,"2":6,"3":6,"4":1,"5":1,"6":1,"7":1,"8":1,"9":0,"10":6,"11":3,"12":3,"13":1,"14":6},"f":{"0":1,"1":3},"b":{"0":[1,0]},"_coverageSchema":"1a1c01bbd47fc00a2c39e90264f33305004495a9","hash":"a1a3f30e5c6c786510dfd4b007484bc890f0d1f6"}
}
