TN:
SF:server.js
FN:18,(anonymous_0)
FN:19,(anonymous_1)
FN:30,(anonymous_2)
FNF:3
FNH:1
FNDA:6,(anonymous_0)
FNDA:0,(anonymous_1)
FNDA:0,(anonymous_2)
DA:3,6
DA:4,6
DA:5,6
DA:6,6
DA:7,6
DA:9,6
DA:10,6
DA:13,6
DA:14,6
DA:17,6
DA:18,6
DA:19,0
DA:22,6
DA:23,6
DA:24,6
DA:25,6
DA:29,6
DA:30,0
DA:31,0
DA:34,6
LF:20
LH:17
BRDA:10,0,0,6
BRDA:10,0,1,6
BRDA:29,1,0,0
BRDA:29,1,1,6
BRF:4
BRH:3
end_of_record
TN:
SF:Middleware\upload.js
FN:9,(anonymous_0)
FN:12,(anonymous_1)
FN:18,fileFilter
FNF:3
FNH:3
FNDA:1,(anonymous_0)
FNDA:1,(anonymous_1)
FNDA:1,fileFilter
DA:4,6
DA:5,6
DA:8,6
DA:10,1
DA:13,1
DA:19,1
DA:20,1
DA:21,1
DA:23,1
DA:24,1
DA:26,0
DA:31,6
DA:37,6
LF:13
LH:12
BRDA:23,0,0,1
BRDA:23,0,1,0
BRDA:23,1,0,1
BRDA:23,1,1,1
BRF:4
BRH:3
end_of_record
TN:
SF:Middleware\veryfyToken.js
FN:6,verifyToken
FNF:1
FNH:1
FNDA:14,verifyToken
DA:2,6
DA:3,6
DA:7,14
DA:8,14
DA:10,13
DA:11,13
DA:12,12
DA:14,1
DA:17,12
DA:20,6
LF:10
LH:10
BRDA:8,0,0,1
BRDA:8,0,1,13
BRF:2
BRH:2
end_of_record
TN:
SF:Routes\PostRoutes.js
FNF:0
FNH:0
DA:3,6
DA:4,6
DA:5,6
DA:6,6
DA:7,6
DA:10,6
DA:13,6
DA:16,6
DA:19,6
DA:22,6
DA:25,6
DA:28,6
LF:12
LH:12
BRF:0
BRH:0
end_of_record
TN:
SF:Routes\userRoutes.js
FNF:0
FNH:0
DA:3,6
DA:4,6
DA:5,6
DA:6,6
DA:11,6
DA:14,6
DA:19,6
DA:20,6
DA:21,6
DA:24,6
DA:25,6
DA:26,6
DA:29,6
LF:13
LH:13
BRF:0
BRH:0
end_of_record
TN:
SF:controllers\PostController.js
FN:6,(anonymous_0)
FN:14,(anonymous_1)
FN:47,(anonymous_2)
FN:58,(anonymous_3)
FN:71,(anonymous_4)
FN:87,(anonymous_5)
FN:107,(anonymous_6)
FNF:7
FNH:7
FNDA:2,(anonymous_0)
FNDA:1,(anonymous_1)
FNDA:3,(anonymous_2)
FNDA:3,(anonymous_3)
FNDA:2,(anonymous_4)
FNDA:1,(anonymous_5)
FNDA:1,(anonymous_6)
DA:3,6
DA:6,6
DA:8,2
DA:10,2
DA:12,2
DA:13,2
DA:14,1
DA:17,2
DA:19,2
DA:30,2
DA:33,1
DA:39,1
DA:47,6
DA:48,3
DA:49,3
DA:50,1
DA:52,2
DA:58,6
DA:59,3
DA:60,3
DA:61,2
DA:62,1
DA:64,1
DA:66,1
DA:71,6
DA:72,2
DA:73,2
DA:74,2
DA:80,1
DA:82,1
DA:87,6
DA:88,1
DA:89,1
DA:91,1
DA:92,1
DA:99,1
DA:101,0
DA:102,0
DA:107,6
DA:108,1
DA:110,1
DA:111,1
DA:114,1
DA:116,0
DA:117,0
LF:45
LH:41
BRDA:13,0,0,1
BRDA:13,0,1,1
BRDA:24,1,0,0
BRDA:24,1,1,2
BRDA:61,2,0,1
BRDA:61,2,1,1
BRF:6
BRH:5
end_of_record
TN:
SF:controllers\userController.js
FN:10,(anonymous_0)
FN:22,(anonymous_1)
FN:45,(anonymous_2)
FN:58,(anonymous_3)
FN:70,(anonymous_4)
FN:81,(anonymous_5)
FN:93,(anonymous_6)
FN:105,(anonymous_7)
FNF:8
FNH:8
FNDA:2,(anonymous_0)
FNDA:4,(anonymous_1)
FNDA:1,(anonymous_2)
FNDA:1,(anonymous_3)
FNDA:1,(anonymous_4)
FNDA:1,(anonymous_5)
FNDA:1,(anonymous_6)
FNDA:1,(anonymous_7)
DA:4,6
DA:5,6
DA:6,6
DA:7,6
DA:10,6
DA:11,2
DA:12,2
DA:13,2
DA:14,1
DA:16,1
DA:17,1
DA:22,6
DA:23,4
DA:24,4
DA:26,4
DA:27,4
DA:28,1
DA:31,3
DA:32,2
DA:33,1
DA:36,1
DA:37,1
DA:39,1
DA:40,1
DA:45,6
DA:46,1
DA:47,1
DA:48,1
DA:50,0
DA:51,0
DA:58,6
DA:59,1
DA:60,1
DA:61,1
DA:63,0
DA:64,0
DA:70,6
DA:71,1
DA:72,1
DA:73,1
DA:75,0
DA:76,0
DA:81,6
DA:82,1
DA:83,1
DA:84,1
DA:85,1
DA:87,0
DA:88,0
DA:93,6
DA:94,1
DA:95,1
DA:96,1
DA:97,1
DA:99,0
DA:100,0
DA:105,6
DA:106,1
DA:107,1
DA:108,1
DA:109,1
DA:112,0
DA:113,0
LF:63
LH:51
BRDA:27,0,0,1
BRDA:27,0,1,3
BRDA:32,1,0,1
BRDA:32,1,1,1
BRF:4
BRH:4
end_of_record
TN:
SF:models\PostModel.js
FN:6,arrayLimit
FNF:1
FNH:1
FNDA:2,arrayLimit
DA:3,2
DA:7,2
DA:11,2
DA:55,2
DA:57,2
LF:5
LH:5
BRF:0
BRH:0
end_of_record
TN:
SF:models\User.js
FN:16,(anonymous_0)
FN:29,(anonymous_1)
FNF:2
FNH:2
FNDA:1,(anonymous_0)
FNDA:3,(anonymous_1)
DA:4,6
DA:5,6
DA:8,6
DA:16,6
DA:17,1
DA:18,1
DA:19,1
DA:20,1
DA:22,1
DA:24,0
DA:29,6
DA:30,3
DA:31,3
DA:33,1
DA:38,6
LF:15
LH:14
BRDA:18,0,0,1
BRDA:18,0,1,0
BRF:2
BRH:1
end_of_record
